CPILint version 1.0.4, copyright (c) 2019-2022 Morten N. Wittrock

 ######  ########  #### ##       #### ##    ## ######## 
##    ## ##     ##  ##  ##        ##  ###   ##    ##    
##       ##     ##  ##  ##        ##  ####  ##    ##    
##       ########   ##  ##        ##  ## ## ##    ##    
##       ##         ##  ##        ##  ##  ####    ##    
##    ## ##         ##  ##        ##  ##   ###    ##    
 ######  ##        #### ######## #### ##    ##    ##    

In iflow 'TestExample1' (ID 'TestExample1'): Script step 'Groovy Script 1' (ID 'CallActivity_10') executes a Groovy script, which is not allowed.
In iflow 'TestExample1' (ID 'TestExample1'): Iflow does not have the required description.

Inspecting 1 iflow resulted in 2 issues found.
 Parsing GitHub API response
15:21:29.613 DEBUG dk.mwittrock.cpilint.CliClient - Extracted tag 'v1.0.4' from GitHub API response
15:21:29.613 DEBUG dk.mwittrock.cpilint.CliClient - The latest version on GitHub is 1.0.4
15:21:29.614 INFO  dk.mwittrock.cpilint.CpiLint - Starting inspection of iflow artifacts
15:21:30.886 DEBUG dk.mwittrock.cpilint.CpiLint - Iflow artifact supplied: IflowArtifactTag[id=TestExample1,name=TestExample1]
15:21:30.922 INFO  dk.mwittrock.cpilint.CpiLint - Inspection completed
15:21:30.922 INFO  dk.mwittrock.cpilint.CliClient - Iflow artifacts supplied: 1
15:21:30.922 INFO  dk.mwittrock.cpilint.CliClient - Issues found: 2
15:21:30.922 INFO  dk.mwittrock.cpilint.CliClient - Exiting CliClient with status 1
